<?xml version="1.0" encoding="UTF-8"?>
<!-- Generated by org.testng.reporters.JUnitReportReporter -->
<testsuite skipped="0" hostname="Personal" name="NewTest" tests="2" failures="0" timestamp="2022-07-21T14:04:31 PDT" time="0.005" errors="0">
  <testcase name="MainPage" time="0.004" classname="NewTest"/>
  <system-out/>
  <testcase name="RetailPage" time="0.001" classname="NewTest"/>
  <system-out/>
</testsuite> <!-- NewTest -->
